* Starting client
* Connecting to master process on port 10886
* Analyzing classpath: 
  - C:\Users\jakub\OneDrive\Documents\SCHOOL\assignment2\target\test-classes
  - C:\Users\jakub\OneDrive\Documents\SCHOOL\assignment2\target\classes
  - C:\Users\jakub\.m2\repository\org\junit\jupiter\junit-jupiter-api\5.13.4\junit-jupiter-api-5.13.4.jar
  - C:\Users\jakub\.m2\repository\org\opentest4j\opentest4j\1.3.0\opentest4j-1.3.0.jar
  - C:\Users\jakub\.m2\repository\org\junit\platform\junit-platform-commons\1.13.4\junit-platform-commons-1.13.4.jar
  - C:\Users\jakub\.m2\repository\org\apiguardian\apiguardian-api\1.1.2\apiguardian-api-1.1.2.jar
  - C:\Users\jakub\.m2\repository\org\junit\jupiter\junit-jupiter-engine\5.13.4\junit-jupiter-engine-5.13.4.jar
  - C:\Users\jakub\.m2\repository\org\junit\platform\junit-platform-engine\1.13.4\junit-platform-engine-1.13.4.jar
  - C:\Users\jakub\.m2\repository\org\junit\jupiter\junit-jupiter-params\5.13.4\junit-jupiter-params-5.13.4.jar
  - C:\Users\jakub\.m2\repository\org\junit-pioneer\junit-pioneer\1.9.1\junit-pioneer-1.9.1.jar
  - C:\Users\jakub\.m2\repository\org\junit\platform\junit-platform-launcher\1.13.4\junit-platform-launcher-1.13.4.jar
  - C:\Users\jakub\.m2\repository\commons-io\commons-io\2.21.0\commons-io-2.21.0.jar
  - C:\Users\jakub\.m2\repository\org\apache\commons\commons-text\1.14.0\commons-text-1.14.0.jar
  - C:\Users\jakub\.m2\repository\org\apache\commons\commons-lang3\3.18.0\commons-lang3-3.18.0.jar
  - C:\Users\jakub\.m2\repository\org\mockito\mockito-core\4.11.0\mockito-core-4.11.0.jar
  - C:\Users\jakub\.m2\repository\net\bytebuddy\byte-buddy\1.12.19\byte-buddy-1.12.19.jar
  - C:\Users\jakub\.m2\repository\net\bytebuddy\byte-buddy-agent\1.12.19\byte-buddy-agent-1.12.19.jar
  - C:\Users\jakub\.m2\repository\org\objenesis\objenesis\3.3\objenesis-3.3.jar
* Finished analyzing classpath
* Generating tests for class org.apache.commons.cli.help.TextHelpAppendable
* Test criteria:
  - Line Coverage
  - Branch Coverage
  - Exception
  - Mutation testing (weak)
  - Method-Output Coverage
  - Top-Level Method Coverage
  - No-Exception Top-Level Method Coverage
  - Context Branch Coverage
* Setting up search algorithm for whole suite generation
[MASTER] 19:57:45.641 [pool-2-thread-1] WARN  TestSuiteSerialization - Cannot load tests because file does not exist: C:\Users\jakub\OneDrive\Documents\SCHOOL\assignment2\.evosuite\evosuite-seeds\org.apache.commons.cli.help.TextHelpAppendable.seed
* Loaded 0 tests from C:\Users\jakub\OneDrive\Documents\SCHOOL\assignment2\.evosuite\evosuite-seeds\org.apache.commons.cli.help.TextHelpAppendable.seed
* Total number of test goals: 
  - Line 156
  - Branch 96
  - Exception 0
  - MutationFactory 724
  - Output 62
  - Method 22
  - MethodNoException 22
  - CBranchFitnessFactory 96
* Using seed 1763168262877
* Starting evolution
* Search finished after 110s and 120 generations, 79854 statements, best individual has fitness: 54.74435351556197
* Writing sequences to pool
* Minimizing test suite
[MASTER] 19:59:56.030 [pool-2-thread-1] WARN  TestSuiteMinimizer - Minimization timeout. Roll back to original test suite
* Going to analyze the coverage criteria
* Coverage analysis for criterion LINE
* Coverage of criterion LINE: 97%
* Total number of goals: 156
* Number of covered goals: 152
* Coverage analysis for criterion BRANCH
* Coverage of criterion BRANCH: 93%
* Total number of goals: 96
* Number of covered goals: 89
* Coverage analysis for criterion EXCEPTION
* Coverage of criterion EXCEPTION: 100%
* Total number of goals: 46
* Number of covered goals: 46
* Coverage analysis for criterion WEAKMUTATION
* Coverage of criterion WEAKMUTATION: 97%
* Total number of goals: 724
* Number of covered goals: 699
* Coverage analysis for criterion OUTPUT
* Coverage of criterion OUTPUT: 77%
* Total number of goals: 62
* Number of covered goals: 48
* Coverage analysis for criterion METHOD
* Coverage of criterion METHOD: 100%
* Total number of goals: 22
* Number of covered goals: 22
* Coverage analysis for criterion METHODNOEXCEPTION
* Coverage of criterion METHODNOEXCEPTION: 100%
* Total number of goals: 22
* Number of covered goals: 22
* Coverage analysis for criterion CBRANCH
* Coverage of criterion CBRANCH: 89%
* Total number of goals: 96
* Number of covered goals: 85
* Generated 102 tests with total length 1955
* Resulting test suite's coverage: 94% (average coverage for all fitness functions)
* Generating assertions
[MASTER] 20:00:13.242 [pool-2-thread-1] WARN  SimpleMutationAssertionGenerator - Reached maximum time to generate assertions, aborting assertion generation
* Resulting test suite's mutation score: 8%
* Compiling and checking tests
* Permissions denied during test execution: 
  - java.lang.RuntimePermission: 
         writeFileDescriptor: 6
* Writing JUnit test case 'TextHelpAppendable_ESTest' to C:\Users\jakub\OneDrive\Documents\SCHOOL\assignment2\.evosuite\tmp_2025_11_14_19_46_14\tests
* Done!

