* Starting client
* Connecting to master process on port 11867
* Analyzing classpath: 
  - C:\Users\jakub\OneDrive\Documents\SCHOOL\assignment2\target\test-classes
  - C:\Users\jakub\OneDrive\Documents\SCHOOL\assignment2\target\classes
  - C:\Users\jakub\.m2\repository\org\junit\jupiter\junit-jupiter-api\5.13.4\junit-jupiter-api-5.13.4.jar
  - C:\Users\jakub\.m2\repository\org\opentest4j\opentest4j\1.3.0\opentest4j-1.3.0.jar
  - C:\Users\jakub\.m2\repository\org\junit\platform\junit-platform-commons\1.13.4\junit-platform-commons-1.13.4.jar
  - C:\Users\jakub\.m2\repository\org\apiguardian\apiguardian-api\1.1.2\apiguardian-api-1.1.2.jar
  - C:\Users\jakub\.m2\repository\org\junit\jupiter\junit-jupiter-engine\5.13.4\junit-jupiter-engine-5.13.4.jar
  - C:\Users\jakub\.m2\repository\org\junit\platform\junit-platform-engine\1.13.4\junit-platform-engine-1.13.4.jar
  - C:\Users\jakub\.m2\repository\org\junit\jupiter\junit-jupiter-params\5.13.4\junit-jupiter-params-5.13.4.jar
  - C:\Users\jakub\.m2\repository\org\junit-pioneer\junit-pioneer\1.9.1\junit-pioneer-1.9.1.jar
  - C:\Users\jakub\.m2\repository\org\junit\platform\junit-platform-launcher\1.13.4\junit-platform-launcher-1.13.4.jar
  - C:\Users\jakub\.m2\repository\commons-io\commons-io\2.21.0\commons-io-2.21.0.jar
  - C:\Users\jakub\.m2\repository\org\apache\commons\commons-text\1.14.0\commons-text-1.14.0.jar
  - C:\Users\jakub\.m2\repository\org\apache\commons\commons-lang3\3.18.0\commons-lang3-3.18.0.jar
  - C:\Users\jakub\.m2\repository\org\mockito\mockito-core\4.11.0\mockito-core-4.11.0.jar
  - C:\Users\jakub\.m2\repository\net\bytebuddy\byte-buddy\1.12.19\byte-buddy-1.12.19.jar
  - C:\Users\jakub\.m2\repository\net\bytebuddy\byte-buddy-agent\1.12.19\byte-buddy-agent-1.12.19.jar
  - C:\Users\jakub\.m2\repository\org\objenesis\objenesis\3.3\objenesis-3.3.jar
* Finished analyzing classpath
* Generating tests for class org.apache.commons.cli.HelpFormatter
* Test criteria:
  - Line Coverage
  - Branch Coverage
  - Exception
  - Mutation testing (weak)
  - Method-Output Coverage
  - Top-Level Method Coverage
  - No-Exception Top-Level Method Coverage
  - Context Branch Coverage
* Setting up search algorithm for whole suite generation
[MASTER] 19:50:36.981 [pool-2-thread-1] WARN  TestSuiteSerialization - Cannot load tests because file does not exist: C:\Users\jakub\OneDrive\Documents\SCHOOL\assignment2\.evosuite\evosuite-seeds\org.apache.commons.cli.HelpFormatter.seed
* Loaded 0 tests from C:\Users\jakub\OneDrive\Documents\SCHOOL\assignment2\.evosuite\evosuite-seeds\org.apache.commons.cli.HelpFormatter.seed
* Total number of test goals: 
  - Line 260
  - Branch 181
  - Exception 0
  - MutationFactory 532
  - Output 55
  - Method 50
  - MethodNoException 50
  - CBranchFitnessFactory 181
* Using seed 1763167834018
* Starting evolution
* Search finished after 156s and 99 generations, 57346 statements, best individual has fitness: 259.5244241124676
* Writing sequences to pool
* Minimizing test suite
[MASTER] 19:54:01.551 [pool-2-thread-1] WARN  TestSuiteMinimizer - Minimization timeout. Roll back to original test suite
* Going to analyze the coverage criteria
* Coverage analysis for criterion LINE
* Coverage of criterion LINE: 88%
* Total number of goals: 260
* Number of covered goals: 228
* Coverage analysis for criterion BRANCH
* Coverage of criterion BRANCH: 79%
* Total number of goals: 181
* Number of covered goals: 143
* Coverage analysis for criterion EXCEPTION
* Coverage of criterion EXCEPTION: 100%
* Total number of goals: 54
* Number of covered goals: 54
* Coverage analysis for criterion WEAKMUTATION
* Coverage of criterion WEAKMUTATION: 88%
* Total number of goals: 532
* Number of covered goals: 466
* Coverage analysis for criterion OUTPUT
* Coverage of criterion OUTPUT: 73%
* Total number of goals: 55
* Number of covered goals: 40
* Coverage analysis for criterion METHOD
* Coverage of criterion METHOD: 98%
* Total number of goals: 50
* Number of covered goals: 49
* Coverage analysis for criterion METHODNOEXCEPTION
* Coverage of criterion METHODNOEXCEPTION: 98%
* Total number of goals: 50
* Number of covered goals: 49
* Coverage analysis for criterion CBRANCH
* Coverage of criterion CBRANCH: 78%
* Total number of goals: 181
* Number of covered goals: 141
* Generated 121 tests with total length 1853
* Resulting test suite's coverage: 88% (average coverage for all fitness functions)
* Generating assertions
[MASTER] 19:54:26.375 [pool-2-thread-1] WARN  SimpleMutationAssertionGenerator - Assertion minimization is taking too long (0.93224% of time used, but only 2/121 tests minimized), falling back to using all assertions
[MASTER] 19:54:28.193 [pool-2-thread-1] WARN  SimpleMutationAssertionGenerator - Reached maximum time to generate assertions, aborting assertion generation
* Resulting test suite's mutation score: 2%
* Compiling and checking tests
* Permissions denied during test execution: 
  - java.lang.RuntimePermission: 
         writeFileDescriptor: 35
* Writing JUnit test case 'HelpFormatter_ESTest' to C:\Users\jakub\OneDrive\Documents\SCHOOL\assignment2\.evosuite\tmp_2025_11_14_19_46_14\tests
* Done!

